[2026-01-15T23:00:10.931+0000] {local_task_job_runner.py:123} INFO - ::group::Pre task execution logs
[2026-01-15T23:00:10.940+0000] {taskinstance.py:2612} INFO - Dependencies all met for dep_context=non-requeueable deps ti=<TaskInstance: mvp_simulate_and_ingest.ingest_to_postgres scheduled__2026-01-15T22:00:00+00:00 [queued]>
[2026-01-15T23:00:10.944+0000] {taskinstance.py:2612} INFO - Dependencies all met for dep_context=requeueable deps ti=<TaskInstance: mvp_simulate_and_ingest.ingest_to_postgres scheduled__2026-01-15T22:00:00+00:00 [queued]>
[2026-01-15T23:00:10.944+0000] {taskinstance.py:2865} INFO - Starting attempt 1 of 2
[2026-01-15T23:00:10.950+0000] {taskinstance.py:2888} INFO - Executing <Task(DockerOperator): ingest_to_postgres> on 2026-01-15 22:00:00+00:00
[2026-01-15T23:00:10.954+0000] {standard_task_runner.py:72} INFO - Started process 635 to run task
[2026-01-15T23:00:10.957+0000] {standard_task_runner.py:104} INFO - Running: ['***', 'tasks', 'run', 'mvp_simulate_and_ingest', 'ingest_to_postgres', 'scheduled__2026-01-15T22:00:00+00:00', '--job-id', '29', '--raw', '--subdir', 'DAGS_FOLDER/mvp_simulate_and_ingest_dag.py', '--cfg-path', '/tmp/tmp_2rxj727']
[2026-01-15T23:00:10.959+0000] {standard_task_runner.py:105} INFO - Job 29: Subtask ingest_to_postgres
[2026-01-15T23:00:10.989+0000] {task_command.py:467} INFO - Running <TaskInstance: mvp_simulate_and_ingest.ingest_to_postgres scheduled__2026-01-15T22:00:00+00:00 [running]> on host 0d18fb291860
[2026-01-15T23:00:11.031+0000] {taskinstance.py:3131} INFO - Exporting env vars: AIRFLOW_CTX_DAG_OWNER='***' AIRFLOW_CTX_DAG_ID='mvp_simulate_and_ingest' AIRFLOW_CTX_TASK_ID='ingest_to_postgres' AIRFLOW_CTX_EXECUTION_DATE='2026-01-15T22:00:00+00:00' AIRFLOW_CTX_TRY_NUMBER='1' AIRFLOW_CTX_DAG_RUN_ID='scheduled__2026-01-15T22:00:00+00:00'
[2026-01-15T23:00:11.032+0000] {taskinstance.py:731} INFO - ::endgroup::
[2026-01-15T23:00:11.069+0000] {docker.py:355} INFO - Starting docker container from image python:3.11-slim
[2026-01-15T23:00:19.970+0000] {docker.py:66} INFO - WARNING: Running pip as the 'root' user can result in broken permissions and conflicting behaviour with the system package manager. It is recommended to use a virtual environment instead: https://pip.pypa.io/warnings/venv
[2026-01-15T23:00:20.101+0000] {docker.py:66} INFO - 
[2026-01-15T23:00:20.102+0000] {docker.py:66} INFO - [notice] A new release of pip is available: 24.0 -> 25.3
[2026-01-15T23:00:20.102+0000] {docker.py:66} INFO - [notice] To update, run: pip install --upgrade pip
[2026-01-15T23:00:20.618+0000] {docker.py:66} INFO - Warning: customers.csv not found.
[2026-01-15T23:00:20.618+0000] {docker.py:66} INFO - Warning: products.csv not found.
[2026-01-15T23:00:20.618+0000] {docker.py:66} INFO - Warning: orders.csv not found.
[2026-01-15T23:00:20.619+0000] {docker.py:66} INFO - All CSV files processed successfully.
[2026-01-15T23:00:21.141+0000] {taskinstance.py:340} INFO - ::group::Post task execution logs
[2026-01-15T23:00:21.142+0000] {taskinstance.py:352} INFO - Marking task as SUCCESS. dag_id=mvp_simulate_and_ingest, task_id=ingest_to_postgres, run_id=scheduled__2026-01-15T22:00:00+00:00, execution_date=20260115T220000, start_date=20260115T230010, end_date=20260115T230021
[2026-01-15T23:00:21.174+0000] {local_task_job_runner.py:266} INFO - Task exited with return code 0
[2026-01-15T23:00:21.203+0000] {taskinstance.py:3900} INFO - 0 downstream tasks scheduled from follow-on schedule check
[2026-01-15T23:00:21.205+0000] {local_task_job_runner.py:245} INFO - ::endgroup::
